<?xml version="1.0" encoding="UTF-8"?>
<!-- Generated by org.testng.reporters.JUnitReportReporter -->
<testsuite hostname="DESKTOP-7FSBEG4" failures="0" tests="1" name="testcase.TestCaseLogin" time="17.499" errors="0" timestamp="2022-07-09T20:59:51 IST" skipped="0">
  <testcase classname="testcase.TestCaseLogin" name="login" time="17.499"/>
  <system-out/>
</testsuite> <!-- testcase.TestCaseLogin -->
