<?xml version="1.0" encoding="UTF-8"?>
<!-- Generated by org.testng.reporters.JUnitReportReporter -->
<testsuite hostname="DESKTOP-7FSBEG4" failures="0" tests="1" name="testcase.practice" time="11.016" errors="0" timestamp="2022-07-07T11:39:41 IST" skipped="0">
  <testcase classname="testcase.practice" name="practiceMethod" time="11.016"/>
  <system-out/>
</testsuite> <!-- testcase.practice -->
