<?xml version="1.0" encoding="UTF-8"?>
<!-- Generated by org.testng.reporters.JUnitReportReporter -->
<testsuite hostname="DESKTOP-7FSBEG4" failures="0" tests="2" name="Pack_01.parallelExecution" time="10.690" errors="0" timestamp="2022-05-20T18:56:09 IST" skipped="0">
  <testcase classname="Pack_01.parallelExecution" name="chrome" time="3.957"/>
  <system-out/>
  <testcase classname="Pack_01.parallelExecution" name="firefox" time="6.733"/>
  <system-out/>
</testsuite> <!-- Pack_01.parallelExecution -->
