<?xml version="1.0" encoding="UTF-8"?>
<!-- Generated by org.testng.reporters.JUnitReportReporter -->
<testsuite hostname="DESKTOP-7FSBEG4" failures="0" tests="5" name="Pack_01.GroupsAndDependsOnGroups" time="0.007" errors="0" timestamp="2022-05-19T20:58:15 IST" skipped="0">
  <testcase classname="Pack_01.GroupsAndDependsOnGroups" name="Test3" time="0.000"/>
  <system-out/>
  <testcase classname="Pack_01.GroupsAndDependsOnGroups" name="Test4" time="0.001"/>
  <system-out/>
  <testcase classname="Pack_01.GroupsAndDependsOnGroups" name="Test2" time="0.000"/>
  <system-out/>
  <testcase classname="Pack_01.GroupsAndDependsOnGroups" name="Test5" time="0.001"/>
  <system-out/>
  <testcase classname="Pack_01.GroupsAndDependsOnGroups" name="Test1" time="0.005"/>
  <system-out/>
</testsuite> <!-- Pack_01.GroupsAndDependsOnGroups -->
