<?xml version="1.0" encoding="UTF-8"?>
<!-- Generated by org.testng.reporters.JUnitReportReporter -->
<testsuite hostname="DESKTOP-7FSBEG4" failures="0" tests="1" name="Pack_01.groups" time="0.011" errors="0" timestamp="2022-06-08T22:43:07 IST" skipped="0">
  <testcase classname="Pack_01.groups" name="Test4" time="0.011"/>
  <system-out/>
</testsuite> <!-- Pack_01.groups -->
