<?xml version="1.0" encoding="UTF-8"?>
<!-- Generated by org.testng.reporters.JUnitReportReporter -->
<testsuite hostname="DESKTOP-7FSBEG4" failures="0" tests="1" name="Pack_01.RunFailedTc" time="0.009" errors="0" timestamp="2022-05-19T16:00:57 IST" skipped="0">
  <testcase classname="Pack_01.RunFailedTc" name="FailedTC" time="0.009"/>
  <system-out/>
</testsuite> <!-- Pack_01.RunFailedTc -->
