<?xml version="1.0" encoding="UTF-8"?>
<!-- Generated by org.testng.reporters.JUnitReportReporter -->
<testsuite hostname="DESKTOP-7FSBEG4" failures="0" tests="6" name="Pack_01.PrioritiesSameAndAwithout" time="0.007" errors="0" timestamp="2022-06-06T11:36:24 IST" skipped="0">
  <testcase classname="Pack_01.PrioritiesSameAndAwithout" name="Test6" time="0.005"/>
  <system-out/>
  <testcase classname="Pack_01.PrioritiesSameAndAwithout" name="Test5" time="0.001"/>
  <system-out/>
  <testcase classname="Pack_01.PrioritiesSameAndAwithout" name="Test4" time="0.001"/>
  <system-out/>
  <testcase classname="Pack_01.PrioritiesSameAndAwithout" name="Test1" time="0.000"/>
  <system-out/>
  <testcase classname="Pack_01.PrioritiesSameAndAwithout" name="Test3" time="0.000"/>
  <system-out/>
  <testcase classname="Pack_01.PrioritiesSameAndAwithout" name="Test2" time="0.000"/>
  <system-out/>
</testsuite> <!-- Pack_01.PrioritiesSameAndAwithout -->
