<?xml version="1.0" encoding="UTF-8"?>
<!-- Generated by org.testng.reporters.JUnitReportReporter -->
<testsuite hostname="DESKTOP-7FSBEG4" failures="0" tests="1" name="Pack_01.parametersEg" time="0.007" errors="0" timestamp="2022-05-20T18:02:39 IST" skipped="0">
  <testcase classname="Pack_01.parametersEg" name="login" time="0.007"/>
  <system-out/>
</testsuite> <!-- Pack_01.parametersEg -->
