<?xml version="1.0" encoding="UTF-8"?>
<!-- Generated by org.testng.reporters.JUnitReportReporter -->
<testsuite hostname="DESKTOP-7FSBEG4" failures="0" tests="2" name="Pack_01.crossBrowserTesting" time="0.006" errors="0" timestamp="2022-05-20T19:13:09 IST" skipped="0">
  <testcase classname="Pack_01.crossBrowserTesting" name="crossBrowser" time="0.006"/>
  <system-out/>
  <testcase classname="Pack_01.crossBrowserTesting" name="crossBrowser" time="0.000"/>
  <system-out/>
</testsuite> <!-- Pack_01.crossBrowserTesting -->
