<?xml version="1.0" encoding="UTF-8"?>
<!-- Generated by org.testng.reporters.JUnitReportReporter -->
<testsuite hostname="DESKTOP-7FSBEG4" failures="0" tests="1" name="Pack_01.skipExceptionTest" time="0.007" errors="0" timestamp="2022-05-19T21:09:13 IST" skipped="1">
  <testcase classname="Pack_01.skipExceptionTest" name="f" time="0.007">
    <skipped/>
  </testcase> <!-- f -->
  <system-out/>
</testsuite> <!-- Pack_01.skipExceptionTest -->
