<?xml version="1.0" encoding="UTF-8"?>
<!-- Generated by org.testng.reporters.JUnitReportReporter -->
<testsuite hostname="DESKTOP-7FSBEG4" failures="0" tests="2" name="Pack_01.PrioritiesInTest" time="0.007" errors="0" timestamp="2022-05-19T20:31:53 IST" skipped="0">
  <testcase classname="Pack_01.PrioritiesInTest" name="Test2" time="0.004"/>
  <system-out/>
  <testcase classname="Pack_01.PrioritiesInTest" name="Test1" time="0.003"/>
  <system-out/>
</testsuite> <!-- Pack_01.PrioritiesInTest -->
