<?xml version="1.0" encoding="UTF-8"?>
<!-- Generated by org.testng.reporters.JUnitReportReporter -->
<testsuite hostname="DESKTOP-7FSBEG4" failures="0" tests="1" name="Pack_01.NewTest" time="6.444" errors="0" timestamp="2022-05-11T18:27:40 IST" skipped="0">
  <testcase classname="Pack_01.NewTest" name="f" time="6.444"/>
  <system-out/>
</testsuite> <!-- Pack_01.NewTest -->
