<?xml version="1.0" encoding="UTF-8"?>
<!-- Generated by org.testng.reporters.JUnitReportReporter -->
<testsuite hostname="DESKTOP-7FSBEG4" failures="0" tests="3" name="Pack_01.Dependencies" time="0.008" errors="0" timestamp="2022-05-19T20:45:00 IST" skipped="0">
  <testcase classname="Pack_01.Dependencies" name="Beforelogin" time="0.006"/>
  <system-out/>
  <testcase classname="Pack_01.Dependencies" name="Initialize" time="0.001"/>
  <system-out/>
  <testcase classname="Pack_01.Dependencies" name="Login" time="0.001"/>
  <system-out/>
</testsuite> <!-- Pack_01.Dependencies -->
